[debug] [2025-10-14T21:50:12.910Z] ----------------------------------------------------------------------
[debug] [2025-10-14T21:50:12.913Z] Command:       C:\Program Files\nodejs\node.exe C:\Users\User\AppData\Roaming\npm\node_modules\firebase-tools\lib\bin\firebase.js init
[debug] [2025-10-14T21:50:12.913Z] CLI Version:   14.19.1
[debug] [2025-10-14T21:50:12.914Z] Platform:      win32
[debug] [2025-10-14T21:50:12.914Z] Node Version:  v21.6.2
[debug] [2025-10-14T21:50:12.914Z] Time:          Wed Oct 15 2025 04:50:12 GMT+0700 (เวลาอินโดจีน)
[debug] [2025-10-14T21:50:12.914Z] ----------------------------------------------------------------------
[debug] 
[info] 
     ######## #### ########  ######## ########     ###     ######  ########
     ##        ##  ##     ## ##       ##     ##  ##   ##  ##       ##
     ######    ##  ########  ######   ########  #########  ######  ######
     ##        ##  ##    ##  ##       ##     ## ##     ##       ## ##
     ##       #### ##     ## ######## ########  ##     ##  ######  ########

You're about to initialize a Firebase project in this directory:

  C:\Projects\soil-sensor-frontend

Before we get started, keep in mind:

  * You are currently outside your home directory
  * You are initializing within an existing Firebase project directory

[info] 
=== Project Setup
[info] 
[info] First, let's associate this project directory with a Firebase project.
[info] You can create multiple project aliases by running firebase use --add, 
[info] 
[debug] [2025-10-14T21:51:15.980Z] > command requires scopes: ["email","openid","https://www.googleapis.com/auth/cloudplatformprojects.readonly","https://www.googleapis.com/auth/firebase","https://www.googleapis.com/auth/cloud-platform"]
[debug] [2025-10-14T21:51:15.981Z] > authorizing via signed-in user (mrtgamer76@gmail.com)
[debug] [2025-10-14T21:51:15.982Z] Checked if tokens are valid: false, expires at: 1726584105262
[debug] [2025-10-14T21:51:15.982Z] Checked if tokens are valid: false, expires at: 1726584105262
[debug] [2025-10-14T21:51:15.982Z] > refreshing access token with scopes: []
[debug] [2025-10-14T21:51:15.984Z] >>> [apiv2][query] POST https://www.googleapis.com/oauth2/v3/token [none]
[debug] [2025-10-14T21:51:15.984Z] >>> [apiv2][body] POST https://www.googleapis.com/oauth2/v3/token [omitted]
[debug] [2025-10-14T21:51:16.216Z] <<< [apiv2][status] POST https://www.googleapis.com/oauth2/v3/token 400
[debug] [2025-10-14T21:51:16.216Z] <<< [apiv2][body] POST https://www.googleapis.com/oauth2/v3/token [omitted]
[debug] [2025-10-14T21:51:16.216Z] >>> [apiv2][query] GET https://firebase.googleapis.com/v1beta1/projects/soil-mineral-project [none]
[debug] [2025-10-14T21:51:16.741Z] <<< [apiv2][status] GET https://firebase.googleapis.com/v1beta1/projects/soil-mineral-project 401
[debug] [2025-10-14T21:51:16.741Z] <<< [apiv2][body] GET https://firebase.googleapis.com/v1beta1/projects/soil-mineral-project {"error":{"code":401,"message":"Request had invalid authentication credentials. Expected OAuth 2 access token, login cookie or other valid authentication credential. See https://developers.google.com/identity/sign-in/web/devconsole-project.","status":"UNAUTHENTICATED"}}
[debug] [2025-10-14T21:51:16.741Z] Got a 401 Unauthenticated error for a call that required authentication. Refreshing tokens.
[debug] [2025-10-14T21:51:16.741Z] Checked if tokens are valid: false, expires at: 1726584105262
[debug] [2025-10-14T21:51:16.741Z] Checked if tokens are valid: false, expires at: 1726584105262
[debug] [2025-10-14T21:51:16.741Z] > refreshing access token with scopes: []
[debug] [2025-10-14T21:51:16.742Z] >>> [apiv2][query] POST https://www.googleapis.com/oauth2/v3/token [none]
[debug] [2025-10-14T21:51:16.742Z] >>> [apiv2][body] POST https://www.googleapis.com/oauth2/v3/token [omitted]
[debug] [2025-10-14T21:51:16.821Z] <<< [apiv2][status] POST https://www.googleapis.com/oauth2/v3/token 400
[debug] [2025-10-14T21:51:16.821Z] <<< [apiv2][body] POST https://www.googleapis.com/oauth2/v3/token [omitted]
[debug] [2025-10-14T21:51:16.822Z] Request to https://firebase.googleapis.com/v1beta1/projects/soil-mineral-project had HTTP Error: 401, Request had invalid authentication credentials. Expected OAuth 2 access token, login cookie or other valid authentication credential. See https://developers.google.com/identity/sign-in/web/devconsole-project.
[debug] [2025-10-14T21:51:16.997Z] FirebaseError: Request to https://firebase.googleapis.com/v1beta1/projects/soil-mineral-project had HTTP Error: 401, Request had invalid authentication credentials. Expected OAuth 2 access token, login cookie or other valid authentication credential. See https://developers.google.com/identity/sign-in/web/devconsole-project.
    at responseToError (C:\Users\User\AppData\Roaming\npm\node_modules\firebase-tools\lib\responseToError.js:52:12)
    at RetryOperation._fn (C:\Users\User\AppData\Roaming\npm\node_modules\firebase-tools\lib\apiv2.js:312:77)
    at process.processTicksAndRejections (node:internal/process/task_queues:95:5)
[error] 
[error] Error: Failed to get Firebase project soil-mineral-project. Please make sure the project exists and your account has permission to access it.
[debug] [2025-10-14T21:52:24.589Z] ----------------------------------------------------------------------
[debug] [2025-10-14T21:52:24.591Z] Command:       C:\Program Files\nodejs\node.exe C:\Users\User\AppData\Roaming\npm\node_modules\firebase-tools\lib\bin\firebase.js use soil-mineral-project
[debug] [2025-10-14T21:52:24.592Z] CLI Version:   14.19.1
[debug] [2025-10-14T21:52:24.592Z] Platform:      win32
[debug] [2025-10-14T21:52:24.592Z] Node Version:  v21.6.2
[debug] [2025-10-14T21:52:24.592Z] Time:          Wed Oct 15 2025 04:52:24 GMT+0700 (เวลาอินโดจีน)
[debug] [2025-10-14T21:52:24.592Z] ----------------------------------------------------------------------
[debug] 
[debug] [2025-10-14T21:52:24.811Z] > command requires scopes: ["email","openid","https://www.googleapis.com/auth/cloudplatformprojects.readonly","https://www.googleapis.com/auth/firebase","https://www.googleapis.com/auth/cloud-platform"]
[debug] [2025-10-14T21:52:24.811Z] > authorizing via signed-in user (mrtgamer76@gmail.com)
[debug] [2025-10-14T21:52:24.813Z] Checked if tokens are valid: false, expires at: 1726584105262
[debug] [2025-10-14T21:52:24.813Z] Checked if tokens are valid: false, expires at: 1726584105262
[debug] [2025-10-14T21:52:24.813Z] > refreshing access token with scopes: []
[debug] [2025-10-14T21:52:24.815Z] >>> [apiv2][query] POST https://www.googleapis.com/oauth2/v3/token [none]
[debug] [2025-10-14T21:52:24.815Z] >>> [apiv2][body] POST https://www.googleapis.com/oauth2/v3/token [omitted]
[debug] [2025-10-14T21:52:25.063Z] <<< [apiv2][status] POST https://www.googleapis.com/oauth2/v3/token 400
[debug] [2025-10-14T21:52:25.064Z] <<< [apiv2][body] POST https://www.googleapis.com/oauth2/v3/token [omitted]
[debug] [2025-10-14T21:52:25.064Z] >>> [apiv2][query] GET https://serviceusage.googleapis.com/v1/projects/soil-mineral-project/services/cloudresourcemanager.googleapis.com [none]
[debug] [2025-10-14T21:52:25.064Z] >>> [apiv2][(partial)header] GET https://serviceusage.googleapis.com/v1/projects/soil-mineral-project/services/cloudresourcemanager.googleapis.com x-goog-quota-user=projects/soil-mineral-project
[debug] [2025-10-14T21:52:43.146Z] ----------------------------------------------------------------------
[debug] [2025-10-14T21:52:43.149Z] Command:       C:\Program Files\nodejs\node.exe C:\Users\User\AppData\Roaming\npm\node_modules\firebase-tools\lib\bin\firebase.js init hosting
[debug] [2025-10-14T21:52:43.149Z] CLI Version:   14.19.1
[debug] [2025-10-14T21:52:43.149Z] Platform:      win32
[debug] [2025-10-14T21:52:43.149Z] Node Version:  v21.6.2
[debug] [2025-10-14T21:52:43.150Z] Time:          Wed Oct 15 2025 04:52:43 GMT+0700 (เวลาอินโดจีน)
[debug] [2025-10-14T21:52:43.150Z] ----------------------------------------------------------------------
[debug] 
[info] 
     ######## #### ########  ######## ########     ###     ######  ########
     ##        ##  ##     ## ##       ##     ##  ##   ##  ##       ##
     ######    ##  ########  ######   ########  #########  ######  ######
     ##        ##  ##    ##  ##       ##     ## ##     ##       ## ##
     ##       #### ##     ## ######## ########  ##     ##  ######  ########

You're about to initialize a Firebase project in this directory:

  C:\Projects\soil-sensor-frontend

Before we get started, keep in mind:

  * You are currently outside your home directory
  * You are initializing within an existing Firebase project directory

[debug] [2025-10-14T21:52:52.067Z] ExitPromptError: User force closed the prompt with SIGINT
    at Interface.sigint (C:\Users\User\AppData\Roaming\npm\node_modules\firebase-tools\node_modules\@inquirer\core\dist\commonjs\lib\create-prompt.js:101:37)
    at Interface.emit (node:events:519:28)
    at Interface.emit (node:domain:488:12)
    at [_ttyWrite] [as _ttyWrite] (node:internal/readline/interface:1125:18)
    at ReadStream.onkeypress (node:internal/readline/interface:264:20)
    at ReadStream.emit (node:events:531:35)
    at ReadStream.emit (node:domain:488:12)
    at emitKeys (node:internal/readline/utils:371:14)
    at emitKeys.next (<anonymous>)
    at ReadStream.onData (node:internal/readline/emitKeypressEvents:64:36)
[error] 
[error] Error: An unexpected error has occurred.
